<?xml version="1.0" encoding="UTF-8"?>
<!-- Generated by org.testng.reporters.JUnitReportReporter -->
<testsuite hostname="LAPTOP-REH3M8RL" failures="0" tests="3" name="josephart2.sample2" time="26.981" errors="0" timestamp="2021-10-14T20:57:15 IST" skipped="0">
  <testcase classname="josephart2.sample2" name="executeSessionTwo" time="6.271"/>
  <system-out/>
  <testcase classname="josephart2.sample2" name="executSessionThree" time="10.117"/>
  <system-out/>
  <testcase classname="josephart2.sample2" name="executSessionOne" time="10.593"/>
  <system-out/>
</testsuite> <!-- josephart2.sample2 -->
