<?xml version="1.0" encoding="UTF-8"?>
<!-- Generated by org.testng.reporters.JUnitReportReporter -->
<testsuite hostname="LAPTOP-REH3M8RL" failures="0" tests="1" name="josephart2.sample1$PG4" time="17.881" errors="0" timestamp="2021-10-14T20:24:08 IST" skipped="0">
  <testcase classname="josephart2.sample1$PG4" name="test1" time="17.881"/>
  <system-out/>
</testsuite> <!-- josephart2.sample1$PG4 -->
