<?xml version="1.0" encoding="UTF-8"?>
<!-- Generated by org.testng.reporters.JUnitReportReporter -->
<testsuite hostname="LAPTOP-REH3M8RL" failures="0" tests="9" name="josephart2.sample1" time="88.461" errors="0" timestamp="2021-10-14T20:57:15 IST" skipped="0">
  <testcase classname="josephart2.sample1" name="test9" time="13.804"/>
  <system-out/>
  <testcase classname="josephart2.sample1" name="test8" time="11.844"/>
  <system-out/>
  <testcase classname="josephart2.sample1" name="test7" time="11.793"/>
  <system-out/>
  <testcase classname="josephart2.sample1" name="test6" time="8.402"/>
  <system-out/>
  <testcase classname="josephart2.sample1" name="test5" time="7.211"/>
  <system-out/>
  <testcase classname="josephart2.sample1" name="test4" time="8.536"/>
  <system-out/>
  <testcase classname="josephart2.sample1" name="test3" time="8.662"/>
  <system-out/>
  <testcase classname="josephart2.sample1" name="test2" time="10.889"/>
  <system-out/>
  <testcase classname="josephart2.sample1" name="test1" time="7.320"/>
  <system-out/>
</testsuite> <!-- josephart2.sample1 -->
